[2022-11-02T03:25:28.116+0000] {taskinstance.py:1165} INFO - Dependencies all met for <TaskInstance: titanic-challenge.create_ml manual__2022-11-02T03:25:23.867105+00:00 [queued]>
[2022-11-02T03:25:28.122+0000] {taskinstance.py:1165} INFO - Dependencies all met for <TaskInstance: titanic-challenge.create_ml manual__2022-11-02T03:25:23.867105+00:00 [queued]>
[2022-11-02T03:25:28.123+0000] {taskinstance.py:1362} INFO - 
--------------------------------------------------------------------------------
[2022-11-02T03:25:28.124+0000] {taskinstance.py:1363} INFO - Starting attempt 1 of 1
[2022-11-02T03:25:28.125+0000] {taskinstance.py:1364} INFO - 
--------------------------------------------------------------------------------
[2022-11-02T03:25:28.133+0000] {taskinstance.py:1383} INFO - Executing <Task(PythonOperator): create_ml> on 2022-11-02 03:25:23.867105+00:00
[2022-11-02T03:25:28.139+0000] {standard_task_runner.py:55} INFO - Started process 94 to run task
[2022-11-02T03:25:28.142+0000] {standard_task_runner.py:82} INFO - Running: ['***', 'tasks', 'run', 'titanic-challenge', 'create_ml', 'manual__2022-11-02T03:25:23.867105+00:00', '--job-id', '414', '--raw', '--subdir', 'DAGS_FOLDER/titanic.py', '--cfg-path', '/tmp/tmpo9zwsl66']
[2022-11-02T03:25:28.144+0000] {standard_task_runner.py:83} INFO - Job 414: Subtask create_ml
[2022-11-02T03:25:28.186+0000] {task_command.py:376} INFO - Running <TaskInstance: titanic-challenge.create_ml manual__2022-11-02T03:25:23.867105+00:00 [running]> on host 021d99e01d23
[2022-11-02T03:25:28.226+0000] {taskinstance.py:1592} INFO - Exporting the following env vars:
AIRFLOW_CTX_DAG_OWNER=Angel Gutierrez
AIRFLOW_CTX_DAG_ID=titanic-challenge
AIRFLOW_CTX_TASK_ID=create_ml
AIRFLOW_CTX_EXECUTION_DATE=2022-11-02T03:25:23.867105+00:00
AIRFLOW_CTX_TRY_NUMBER=1
AIRFLOW_CTX_DAG_RUN_ID=manual__2022-11-02T03:25:23.867105+00:00
[2022-11-02T03:25:28.238+0000] {python.py:177} INFO - Done. Returned value was: 100.0
[2022-11-02T03:25:28.253+0000] {taskinstance.py:1406} INFO - Marking task as SUCCESS. dag_id=titanic-challenge, task_id=create_ml, execution_date=20221102T032523, start_date=20221102T032528, end_date=20221102T032528
[2022-11-02T03:25:28.274+0000] {local_task_job.py:164} INFO - Task exited with return code 0
[2022-11-02T03:25:28.291+0000] {local_task_job.py:273} INFO - 1 downstream tasks scheduled from follow-on schedule check
