[2022-11-02T03:24:07.115+0000] {processor.py:154} INFO - Started process (PID=101) to work on /opt/airflow/dags/titanic_challenge.py
[2022-11-02T03:24:07.117+0000] {processor.py:756} INFO - Processing file /opt/airflow/dags/titanic_challenge.py for tasks to queue
[2022-11-02T03:24:07.119+0000] {logging_mixin.py:120} INFO - [2022-11-02T03:24:07.119+0000] {dagbag.py:537} INFO - Filling up the DagBag from /opt/airflow/dags/titanic_challenge.py
[2022-11-02T03:24:07.417+0000] {processor.py:766} INFO - DAG(s) dict_keys(['titanic']) retrieved from /opt/airflow/dags/titanic_challenge.py
[2022-11-02T03:24:07.434+0000] {logging_mixin.py:120} INFO - [2022-11-02T03:24:07.433+0000] {dag.py:2585} INFO - Sync 1 DAGs
[2022-11-02T03:24:07.449+0000] {logging_mixin.py:120} INFO - [2022-11-02T03:24:07.449+0000] {dag.py:3340} INFO - Setting next_dagrun for titanic to 2022-11-02T00:00:00+00:00, run_after=2022-11-03T00:00:00+00:00
[2022-11-02T03:24:07.462+0000] {processor.py:176} INFO - Processing /opt/airflow/dags/titanic_challenge.py took 0.350 seconds
[2022-11-02T03:24:45.165+0000] {processor.py:154} INFO - Started process (PID=35) to work on /opt/airflow/dags/titanic_challenge.py
[2022-11-02T03:24:45.167+0000] {processor.py:756} INFO - Processing file /opt/airflow/dags/titanic_challenge.py for tasks to queue
[2022-11-02T03:24:45.169+0000] {logging_mixin.py:120} INFO - [2022-11-02T03:24:45.169+0000] {dagbag.py:537} INFO - Filling up the DagBag from /opt/airflow/dags/titanic_challenge.py
[2022-11-02T03:24:45.923+0000] {processor.py:766} INFO - DAG(s) dict_keys(['titanic']) retrieved from /opt/airflow/dags/titanic_challenge.py
[2022-11-02T03:24:46.042+0000] {logging_mixin.py:120} INFO - [2022-11-02T03:24:46.042+0000] {dag.py:2585} INFO - Sync 1 DAGs
[2022-11-02T03:24:46.076+0000] {logging_mixin.py:120} INFO - [2022-11-02T03:24:46.076+0000] {dag.py:3340} INFO - Setting next_dagrun for titanic to 2022-11-02T00:00:00+00:00, run_after=2022-11-03T00:00:00+00:00
[2022-11-02T03:24:46.102+0000] {processor.py:176} INFO - Processing /opt/airflow/dags/titanic_challenge.py took 0.951 seconds
[2022-11-02T03:25:16.954+0000] {processor.py:154} INFO - Started process (PID=67) to work on /opt/airflow/dags/titanic_challenge.py
[2022-11-02T03:25:16.956+0000] {processor.py:756} INFO - Processing file /opt/airflow/dags/titanic_challenge.py for tasks to queue
[2022-11-02T03:25:16.957+0000] {logging_mixin.py:120} INFO - [2022-11-02T03:25:16.957+0000] {dagbag.py:537} INFO - Filling up the DagBag from /opt/airflow/dags/titanic_challenge.py
[2022-11-02T03:25:17.279+0000] {processor.py:766} INFO - DAG(s) dict_keys(['titanic']) retrieved from /opt/airflow/dags/titanic_challenge.py
[2022-11-02T03:25:17.294+0000] {logging_mixin.py:120} INFO - [2022-11-02T03:25:17.294+0000] {dag.py:2585} INFO - Sync 1 DAGs
[2022-11-02T03:25:17.309+0000] {logging_mixin.py:120} INFO - [2022-11-02T03:25:17.309+0000] {dag.py:3340} INFO - Setting next_dagrun for titanic to 2022-11-02T00:00:00+00:00, run_after=2022-11-03T00:00:00+00:00
[2022-11-02T03:25:17.319+0000] {processor.py:176} INFO - Processing /opt/airflow/dags/titanic_challenge.py took 0.377 seconds
[2022-11-02T03:25:47.727+0000] {processor.py:154} INFO - Started process (PID=100) to work on /opt/airflow/dags/titanic_challenge.py
[2022-11-02T03:25:47.729+0000] {processor.py:756} INFO - Processing file /opt/airflow/dags/titanic_challenge.py for tasks to queue
[2022-11-02T03:25:47.730+0000] {logging_mixin.py:120} INFO - [2022-11-02T03:25:47.730+0000] {dagbag.py:537} INFO - Filling up the DagBag from /opt/airflow/dags/titanic_challenge.py
[2022-11-02T03:25:48.841+0000] {logging_mixin.py:120} INFO - [2022-11-02T03:25:48.841+0000] {process_utils.py:256} INFO - Waiting up to 5 seconds for processes to exit...
