[2022-11-02T03:24:07.105+0000] {processor.py:154} INFO - Started process (PID=100) to work on /opt/airflow/dags/titanic.py
[2022-11-02T03:24:07.107+0000] {processor.py:756} INFO - Processing file /opt/airflow/dags/titanic.py for tasks to queue
[2022-11-02T03:24:07.108+0000] {logging_mixin.py:120} INFO - [2022-11-02T03:24:07.108+0000] {dagbag.py:537} INFO - Filling up the DagBag from /opt/airflow/dags/titanic.py
[2022-11-02T03:24:07.522+0000] {processor.py:766} INFO - DAG(s) dict_keys(['titanic-challenge']) retrieved from /opt/airflow/dags/titanic.py
[2022-11-02T03:24:07.542+0000] {logging_mixin.py:120} INFO - [2022-11-02T03:24:07.542+0000] {dag.py:2585} INFO - Sync 1 DAGs
[2022-11-02T03:24:07.556+0000] {logging_mixin.py:120} INFO - [2022-11-02T03:24:07.556+0000] {dag.py:3340} INFO - Setting next_dagrun for titanic-challenge to 2022-11-02T00:00:00+00:00, run_after=2022-11-03T00:00:00+00:00
[2022-11-02T03:24:07.567+0000] {processor.py:176} INFO - Processing /opt/airflow/dags/titanic.py took 0.466 seconds
[2022-11-02T03:24:45.132+0000] {processor.py:154} INFO - Started process (PID=34) to work on /opt/airflow/dags/titanic.py
[2022-11-02T03:24:45.134+0000] {processor.py:756} INFO - Processing file /opt/airflow/dags/titanic.py for tasks to queue
[2022-11-02T03:24:45.137+0000] {logging_mixin.py:120} INFO - [2022-11-02T03:24:45.137+0000] {dagbag.py:537} INFO - Filling up the DagBag from /opt/airflow/dags/titanic.py
[2022-11-02T03:24:46.442+0000] {processor.py:766} INFO - DAG(s) dict_keys(['titanic-challenge']) retrieved from /opt/airflow/dags/titanic.py
[2022-11-02T03:24:46.499+0000] {logging_mixin.py:120} INFO - [2022-11-02T03:24:46.498+0000] {dag.py:2585} INFO - Sync 1 DAGs
[2022-11-02T03:24:46.518+0000] {logging_mixin.py:120} INFO - [2022-11-02T03:24:46.518+0000] {dag.py:3340} INFO - Setting next_dagrun for titanic-challenge to 2022-11-02T00:00:00+00:00, run_after=2022-11-03T00:00:00+00:00
[2022-11-02T03:24:46.551+0000] {processor.py:176} INFO - Processing /opt/airflow/dags/titanic.py took 1.422 seconds
[2022-11-02T03:25:16.942+0000] {processor.py:154} INFO - Started process (PID=66) to work on /opt/airflow/dags/titanic.py
[2022-11-02T03:25:16.944+0000] {processor.py:756} INFO - Processing file /opt/airflow/dags/titanic.py for tasks to queue
[2022-11-02T03:25:16.945+0000] {logging_mixin.py:120} INFO - [2022-11-02T03:25:16.945+0000] {dagbag.py:537} INFO - Filling up the DagBag from /opt/airflow/dags/titanic.py
[2022-11-02T03:25:17.398+0000] {processor.py:766} INFO - DAG(s) dict_keys(['titanic-challenge']) retrieved from /opt/airflow/dags/titanic.py
[2022-11-02T03:25:17.418+0000] {logging_mixin.py:120} INFO - [2022-11-02T03:25:17.418+0000] {dag.py:2585} INFO - Sync 1 DAGs
[2022-11-02T03:25:17.432+0000] {logging_mixin.py:120} INFO - [2022-11-02T03:25:17.432+0000] {dag.py:3340} INFO - Setting next_dagrun for titanic-challenge to 2022-11-02T00:00:00+00:00, run_after=2022-11-03T00:00:00+00:00
[2022-11-02T03:25:17.442+0000] {processor.py:176} INFO - Processing /opt/airflow/dags/titanic.py took 0.508 seconds
[2022-11-02T03:25:47.731+0000] {processor.py:154} INFO - Started process (PID=99) to work on /opt/airflow/dags/titanic.py
[2022-11-02T03:25:47.733+0000] {processor.py:756} INFO - Processing file /opt/airflow/dags/titanic.py for tasks to queue
[2022-11-02T03:25:47.734+0000] {logging_mixin.py:120} INFO - [2022-11-02T03:25:47.734+0000] {dagbag.py:537} INFO - Filling up the DagBag from /opt/airflow/dags/titanic.py
