[2022-11-02T03:24:07.497+0000] {processor.py:154} INFO - Started process (PID=104) to work on /opt/airflow/dags/tweeter_event_classification.py
[2022-11-02T03:24:07.499+0000] {processor.py:756} INFO - Processing file /opt/airflow/dags/tweeter_event_classification.py for tasks to queue
[2022-11-02T03:24:07.500+0000] {logging_mixin.py:120} INFO - [2022-11-02T03:24:07.500+0000] {dagbag.py:537} INFO - Filling up the DagBag from /opt/airflow/dags/tweeter_event_classification.py
[2022-11-02T03:24:07.769+0000] {processor.py:766} INFO - DAG(s) dict_keys(['tweeter']) retrieved from /opt/airflow/dags/tweeter_event_classification.py
[2022-11-02T03:24:07.782+0000] {logging_mixin.py:120} INFO - [2022-11-02T03:24:07.782+0000] {dag.py:2585} INFO - Sync 1 DAGs
[2022-11-02T03:24:07.795+0000] {logging_mixin.py:120} INFO - [2022-11-02T03:24:07.795+0000] {dag.py:3340} INFO - Setting next_dagrun for tweeter to 2022-11-02T00:00:00+00:00, run_after=2022-11-03T00:00:00+00:00
[2022-11-02T03:24:07.805+0000] {processor.py:176} INFO - Processing /opt/airflow/dags/tweeter_event_classification.py took 0.310 seconds
[2022-11-02T03:24:46.154+0000] {processor.py:154} INFO - Started process (PID=38) to work on /opt/airflow/dags/tweeter_event_classification.py
[2022-11-02T03:24:46.156+0000] {processor.py:756} INFO - Processing file /opt/airflow/dags/tweeter_event_classification.py for tasks to queue
[2022-11-02T03:24:46.158+0000] {logging_mixin.py:120} INFO - [2022-11-02T03:24:46.158+0000] {dagbag.py:537} INFO - Filling up the DagBag from /opt/airflow/dags/tweeter_event_classification.py
[2022-11-02T03:24:46.565+0000] {processor.py:766} INFO - DAG(s) dict_keys(['tweeter']) retrieved from /opt/airflow/dags/tweeter_event_classification.py
[2022-11-02T03:24:46.606+0000] {logging_mixin.py:120} INFO - [2022-11-02T03:24:46.606+0000] {dag.py:2585} INFO - Sync 1 DAGs
[2022-11-02T03:24:46.624+0000] {logging_mixin.py:120} INFO - [2022-11-02T03:24:46.623+0000] {dag.py:3340} INFO - Setting next_dagrun for tweeter to 2022-11-02T00:00:00+00:00, run_after=2022-11-03T00:00:00+00:00
[2022-11-02T03:24:46.638+0000] {processor.py:176} INFO - Processing /opt/airflow/dags/tweeter_event_classification.py took 0.487 seconds
[2022-11-02T03:25:17.356+0000] {processor.py:154} INFO - Started process (PID=70) to work on /opt/airflow/dags/tweeter_event_classification.py
[2022-11-02T03:25:17.357+0000] {processor.py:756} INFO - Processing file /opt/airflow/dags/tweeter_event_classification.py for tasks to queue
[2022-11-02T03:25:17.359+0000] {logging_mixin.py:120} INFO - [2022-11-02T03:25:17.359+0000] {dagbag.py:537} INFO - Filling up the DagBag from /opt/airflow/dags/tweeter_event_classification.py
[2022-11-02T03:25:17.635+0000] {processor.py:766} INFO - DAG(s) dict_keys(['tweeter']) retrieved from /opt/airflow/dags/tweeter_event_classification.py
[2022-11-02T03:25:17.649+0000] {logging_mixin.py:120} INFO - [2022-11-02T03:25:17.649+0000] {dag.py:2585} INFO - Sync 1 DAGs
[2022-11-02T03:25:17.664+0000] {logging_mixin.py:120} INFO - [2022-11-02T03:25:17.663+0000] {dag.py:3340} INFO - Setting next_dagrun for tweeter to 2022-11-02T00:00:00+00:00, run_after=2022-11-03T00:00:00+00:00
[2022-11-02T03:25:17.673+0000] {processor.py:176} INFO - Processing /opt/airflow/dags/tweeter_event_classification.py took 0.320 seconds
