[2022-11-02T03:25:25.500+0000] {taskinstance.py:1165} INFO - Dependencies all met for <TaskInstance: titanic-challenge.create_preprocessing manual__2022-11-02T03:25:23.867105+00:00 [queued]>
[2022-11-02T03:25:25.505+0000] {taskinstance.py:1165} INFO - Dependencies all met for <TaskInstance: titanic-challenge.create_preprocessing manual__2022-11-02T03:25:23.867105+00:00 [queued]>
[2022-11-02T03:25:25.506+0000] {taskinstance.py:1362} INFO - 
--------------------------------------------------------------------------------
[2022-11-02T03:25:25.507+0000] {taskinstance.py:1363} INFO - Starting attempt 1 of 1
[2022-11-02T03:25:25.508+0000] {taskinstance.py:1364} INFO - 
--------------------------------------------------------------------------------
[2022-11-02T03:25:25.518+0000] {taskinstance.py:1383} INFO - Executing <Task(PythonOperator): create_preprocessing> on 2022-11-02 03:25:23.867105+00:00
[2022-11-02T03:25:25.524+0000] {standard_task_runner.py:55} INFO - Started process 88 to run task
[2022-11-02T03:25:25.527+0000] {standard_task_runner.py:82} INFO - Running: ['***', 'tasks', 'run', 'titanic-challenge', 'create_preprocessing', 'manual__2022-11-02T03:25:23.867105+00:00', '--job-id', '412', '--raw', '--subdir', 'DAGS_FOLDER/titanic.py', '--cfg-path', '/tmp/tmpndf0en0l']
[2022-11-02T03:25:25.530+0000] {standard_task_runner.py:83} INFO - Job 412: Subtask create_preprocessing
[2022-11-02T03:25:25.571+0000] {task_command.py:376} INFO - Running <TaskInstance: titanic-challenge.create_preprocessing manual__2022-11-02T03:25:23.867105+00:00 [running]> on host 021d99e01d23
[2022-11-02T03:25:25.617+0000] {taskinstance.py:1592} INFO - Exporting the following env vars:
AIRFLOW_CTX_DAG_OWNER=Angel Gutierrez
AIRFLOW_CTX_DAG_ID=titanic-challenge
AIRFLOW_CTX_TASK_ID=create_preprocessing
AIRFLOW_CTX_EXECUTION_DATE=2022-11-02T03:25:23.867105+00:00
AIRFLOW_CTX_TRY_NUMBER=1
AIRFLOW_CTX_DAG_RUN_ID=manual__2022-11-02T03:25:23.867105+00:00
[2022-11-02T03:25:25.626+0000] {logging_mixin.py:120} INFO - (891, 11)
[2022-11-02T03:25:25.634+0000] {python.py:177} INFO - Done. Returned value was: None
[2022-11-02T03:25:25.641+0000] {taskinstance.py:1406} INFO - Marking task as SUCCESS. dag_id=titanic-challenge, task_id=create_preprocessing, execution_date=20221102T032523, start_date=20221102T032525, end_date=20221102T032525
[2022-11-02T03:25:25.659+0000] {local_task_job.py:164} INFO - Task exited with return code 0
[2022-11-02T03:25:25.677+0000] {local_task_job.py:273} INFO - 1 downstream tasks scheduled from follow-on schedule check
