[2022-11-02T03:24:45.005+0000] {manager.py:483} INFO - Processing files using up to 2 processes at a time 
[2022-11-02T03:24:45.011+0000] {manager.py:484} INFO - Process each file at most once every 30 seconds
[2022-11-02T03:24:45.014+0000] {manager.py:486} INFO - Checking for new files in /opt/airflow/dags every 300 seconds
[2022-11-02T03:24:45.017+0000] {manager.py:724} INFO - Searching for files in /opt/airflow/dags
[2022-11-02T03:24:45.070+0000] {manager.py:727} INFO - There are 3 files in /opt/airflow/dags
[2022-11-02T03:24:45.144+0000] {manager.py:846} INFO - 
================================================================================
DAG File Processing Stats

File Path                                            PID  Runtime      # DAGs    # Errors  Last Runtime    Last Run
-------------------------------------------------  -----  ---------  --------  ----------  --------------  ----------
/opt/airflow/dags/titanic.py                          34  0.04s             0           0
/opt/airflow/dags/titanic_challenge.py                35  0.03s             0           0
/opt/airflow/dags/tweeter_event_classification.py                           0           0
================================================================================
[2022-11-02T03:25:15.871+0000] {manager.py:846} INFO - 
================================================================================
DAG File Processing Stats

File Path                                          PID    Runtime      # DAGs    # Errors  Last Runtime    Last Run
-------------------------------------------------  -----  ---------  --------  ----------  --------------  -------------------
/opt/airflow/dags/titanic.py                                                1           0  1.47s           2022-11-02T03:24:46
/opt/airflow/dags/titanic_challenge.py                                      1           0  1.02s           2022-11-02T03:24:46
/opt/airflow/dags/tweeter_event_classification.py                           1           0  0.52s           2022-11-02T03:24:46
================================================================================
[2022-11-02T03:25:45.889+0000] {manager.py:846} INFO - 
================================================================================
DAG File Processing Stats

File Path                                          PID    Runtime      # DAGs    # Errors  Last Runtime    Last Run
-------------------------------------------------  -----  ---------  --------  ----------  --------------  -------------------
/opt/airflow/dags/titanic.py                                                1           0  0.57s           2022-11-02T03:25:17
/opt/airflow/dags/titanic_challenge.py                                      1           0  0.42s           2022-11-02T03:25:17
/opt/airflow/dags/tweeter_event_classification.py                           1           0  0.35s           2022-11-02T03:25:17
================================================================================
[2022-11-02T03:25:47.839+0000] {manager.py:465} INFO - Exiting gracefully upon receiving signal 15
[2022-11-02T03:25:47.839+0000] {manager.py:465} INFO - Exiting gracefully upon receiving signal 15
[2022-11-02T03:25:47.840+0000] {manager.py:465} INFO - Exiting gracefully upon receiving signal 15
[2022-11-02T03:25:48.019+0000] {manager.py:465} INFO - Exiting gracefully upon receiving signal 15
[2022-11-02T03:25:48.274+0000] {manager.py:465} INFO - Exiting gracefully upon receiving signal 15
[2022-11-02T03:25:48.531+0000] {manager.py:465} INFO - Exiting gracefully upon receiving signal 15
