[2022-11-02T03:25:29.236+0000] {taskinstance.py:1165} INFO - Dependencies all met for <TaskInstance: titanic-challenge.prepare_submission_pipeline manual__2022-11-02T03:25:23.867105+00:00 [queued]>
[2022-11-02T03:25:29.242+0000] {taskinstance.py:1165} INFO - Dependencies all met for <TaskInstance: titanic-challenge.prepare_submission_pipeline manual__2022-11-02T03:25:23.867105+00:00 [queued]>
[2022-11-02T03:25:29.243+0000] {taskinstance.py:1362} INFO - 
--------------------------------------------------------------------------------
[2022-11-02T03:25:29.244+0000] {taskinstance.py:1363} INFO - Starting attempt 1 of 1
[2022-11-02T03:25:29.245+0000] {taskinstance.py:1364} INFO - 
--------------------------------------------------------------------------------
[2022-11-02T03:25:29.253+0000] {taskinstance.py:1383} INFO - Executing <Task(PythonOperator): prepare_submission_pipeline> on 2022-11-02 03:25:23.867105+00:00
[2022-11-02T03:25:29.260+0000] {standard_task_runner.py:55} INFO - Started process 97 to run task
[2022-11-02T03:25:29.263+0000] {standard_task_runner.py:82} INFO - Running: ['***', 'tasks', 'run', 'titanic-challenge', 'prepare_submission_pipeline', 'manual__2022-11-02T03:25:23.867105+00:00', '--job-id', '415', '--raw', '--subdir', 'DAGS_FOLDER/titanic.py', '--cfg-path', '/tmp/tmp_bhtosct']
[2022-11-02T03:25:29.265+0000] {standard_task_runner.py:83} INFO - Job 415: Subtask prepare_submission_pipeline
[2022-11-02T03:25:29.306+0000] {task_command.py:376} INFO - Running <TaskInstance: titanic-challenge.prepare_submission_pipeline manual__2022-11-02T03:25:23.867105+00:00 [running]> on host 021d99e01d23
[2022-11-02T03:25:29.347+0000] {taskinstance.py:1592} INFO - Exporting the following env vars:
AIRFLOW_CTX_DAG_OWNER=Angel Gutierrez
AIRFLOW_CTX_DAG_ID=titanic-challenge
AIRFLOW_CTX_TASK_ID=prepare_submission_pipeline
AIRFLOW_CTX_EXECUTION_DATE=2022-11-02T03:25:23.867105+00:00
AIRFLOW_CTX_TRY_NUMBER=1
AIRFLOW_CTX_DAG_RUN_ID=manual__2022-11-02T03:25:23.867105+00:00
[2022-11-02T03:25:29.353+0000] {logging_mixin.py:120} INFO - (418, 11)
[2022-11-02T03:25:29.372+0000] {python.py:177} INFO - Done. Returned value was:      PassengerId  Survived
0            892         0
1            893         0
2            894         0
3            895         1
4            896         0
..           ...       ...
413         1305         0
414         1306         1
415         1307         1
416         1308         1
417         1309         0

[418 rows x 2 columns]
[2022-11-02T03:25:29.391+0000] {taskinstance.py:1406} INFO - Marking task as SUCCESS. dag_id=titanic-challenge, task_id=prepare_submission_pipeline, execution_date=20221102T032523, start_date=20221102T032529, end_date=20221102T032529
[2022-11-02T03:25:29.440+0000] {local_task_job.py:164} INFO - Task exited with return code 0
[2022-11-02T03:25:29.454+0000] {local_task_job.py:273} INFO - 0 downstream tasks scheduled from follow-on schedule check
